<?xml version="1.0" encoding="UTF-8"?>
<!-- Generated by org.testng.reporters.JUnitXMLReporter -->
<testsuite ignored="0" hostname="LAPTOP-GFCSV8H4" failures="0" tests="4" name="Default test" time="251.196" errors="0" timestamp="2022-08-31T16:18:45 IST">
  <testcase classname="regressionTestCases.IndexPageTest" name="verifyLogo" time="4.649"/>
  <testcase classname="regressionTestCases.IndexPageTest" name="verifySliderNxtClick" time="73.431"/>
  <testcase classname="regressionTestCases.IndexPageTest" name="verifyTitle" time="0.012"/>
  <testcase classname="regressionTestCases.IndexPageTest" name="verifyonSale" time="108.355"/>
</testsuite> <!-- Default test -->
