<?xml version="1.0" encoding="UTF-8"?>
<testng-results ignored="0" total="1" passed="1" failed="0" skipped="0">
  <reporter-output>
  </reporter-output>
  <suite started-at="2022-09-17T14:54:47 IST" name="Default suite" finished-at="2022-09-17T14:57:12 IST" duration-ms="144770">
    <groups>
    </groups>
    <test started-at="2022-09-17T14:54:47 IST" name="Default test" finished-at="2022-09-17T14:57:12 IST" duration-ms="144770">
      <class name="regressionTestCases.SearchResultTest">
        <test-method is-config="true" signature="loadConfig()[pri:0, instance:regressionTestCases.SearchResultTest@2a3b5b47]" started-at="2022-09-17T14:54:46 IST" name="loadConfig" finished-at="2022-09-17T14:54:47 IST" duration-ms="623" status="PASS">
          <reporter-output>
          </reporter-output>
        </test-method> <!-- loadConfig -->
        <test-method is-config="true" signature="setUp()[pri:0, instance:regressionTestCases.SearchResultTest@2a3b5b47]" started-at="2022-09-17T14:54:47 IST" name="setUp" finished-at="2022-09-17T14:55:55 IST" duration-ms="68338" status="PASS">
          <reporter-output>
          </reporter-output>
        </test-method> <!-- setUp -->
        <test-method signature="verifySearchResult()[pri:0, instance:regressionTestCases.SearchResultTest@2a3b5b47]" started-at="2022-09-17T14:55:55 IST" name="verifySearchResult" finished-at="2022-09-17T14:57:11 IST" duration-ms="76160" status="PASS">
          <reporter-output>
          </reporter-output>
        </test-method> <!-- verifySearchResult -->
        <test-method is-config="true" signature="afterSuite()[pri:0, instance:regressionTestCases.SearchResultTest@2a3b5b47]" started-at="2022-09-17T14:57:13 IST" name="afterSuite" finished-at="2022-09-17T14:57:15 IST" duration-ms="2052" status="PASS">
          <reporter-output>
          </reporter-output>
        </test-method> <!-- afterSuite -->
      </class> <!-- regressionTestCases.SearchResultTest -->
    </test> <!-- Default test -->
  </suite> <!-- Default suite -->
</testng-results>
