<?xml version="1.0" encoding="UTF-8"?>
<testng-results ignored="0" total="4" passed="4" failed="0" skipped="0">
  <reporter-output>
  </reporter-output>
  <suite started-at="2022-08-31T16:14:34 IST" name="Default suite" finished-at="2022-08-31T16:18:45 IST" duration-ms="251196">
    <groups>
    </groups>
    <test started-at="2022-08-31T16:14:34 IST" name="Default test" finished-at="2022-08-31T16:18:45 IST" duration-ms="251196">
      <class name="regressionTestCases.IndexPageTest">
        <test-method is-config="true" signature="loadConfig()[pri:0, instance:regressionTestCases.IndexPageTest@55b699ef]" started-at="2022-08-31T16:14:32 IST" name="loadConfig" finished-at="2022-08-31T16:14:34 IST" duration-ms="1172" status="PASS">
          <reporter-output>
          </reporter-output>
        </test-method> <!-- loadConfig -->
        <test-method is-config="true" signature="setUp()[pri:0, instance:regressionTestCases.IndexPageTest@55b699ef]" started-at="2022-08-31T16:14:34 IST" name="setUp" finished-at="2022-08-31T16:15:36 IST" duration-ms="62065" status="PASS">
          <reporter-output>
          </reporter-output>
        </test-method> <!-- setUp -->
        <test-method signature="verifyLogo()[pri:0, instance:regressionTestCases.IndexPageTest@55b699ef]" started-at="2022-08-31T16:15:36 IST" name="verifyLogo" finished-at="2022-08-31T16:15:40 IST" duration-ms="4649" status="PASS">
          <reporter-output>
          </reporter-output>
        </test-method> <!-- verifyLogo -->
        <test-method signature="verifySliderNxtClick()[pri:0, instance:regressionTestCases.IndexPageTest@55b699ef]" started-at="2022-08-31T16:15:40 IST" name="verifySliderNxtClick" finished-at="2022-08-31T16:16:54 IST" duration-ms="73431" status="PASS">
          <reporter-output>
          </reporter-output>
        </test-method> <!-- verifySliderNxtClick -->
        <test-method signature="verifyTitle()[pri:0, instance:regressionTestCases.IndexPageTest@55b699ef]" started-at="2022-08-31T16:16:54 IST" name="verifyTitle" finished-at="2022-08-31T16:16:54 IST" duration-ms="12" status="PASS">
          <reporter-output>
          </reporter-output>
        </test-method> <!-- verifyTitle -->
        <test-method signature="verifyonSale()[pri:0, instance:regressionTestCases.IndexPageTest@55b699ef]" started-at="2022-08-31T16:16:54 IST" name="verifyonSale" finished-at="2022-08-31T16:18:42 IST" duration-ms="108355" status="PASS">
          <reporter-output>
          </reporter-output>
        </test-method> <!-- verifyonSale -->
        <test-method is-config="true" signature="closesite()[pri:0, instance:regressionTestCases.IndexPageTest@55b699ef]" started-at="2022-08-31T16:18:42 IST" name="closesite" finished-at="2022-08-31T16:18:45 IST" duration-ms="2366" status="PASS">
          <reporter-output>
          </reporter-output>
        </test-method> <!-- closesite -->
        <test-method is-config="true" signature="afterSuite()[pri:0, instance:regressionTestCases.IndexPageTest@55b699ef]" started-at="2022-08-31T16:18:45 IST" name="afterSuite" finished-at="2022-08-31T16:18:47 IST" duration-ms="1842" status="PASS">
          <reporter-output>
          </reporter-output>
        </test-method> <!-- afterSuite -->
      </class> <!-- regressionTestCases.IndexPageTest -->
    </test> <!-- Default test -->
  </suite> <!-- Default suite -->
</testng-results>
